<?xml version="1.0" encoding="UTF-8" standalone="no"?>
<!DOCTYPE log SYSTEM "logger.dtd">
<log>
<record>
  <date>2020-12-01T18:22:49.515130Z</date>
  <millis>1606846969515</millis>
  <nanos>130000</nanos>
  <sequence>1</sequence>
  <logger>logging.GeneralLogger</logger>
  <level>INFO</level>
  <class>logging.GeneralLogger</class>
  <method>log</method>
  <thread>1</thread>
  <message>querytype:Create, databasename: jay, query initiated </message>
</record>
<record>
  <date>2020-12-01T18:23:15.360017Z</date>
  <millis>1606846995360</millis>
  <nanos>17000</nanos>
  <sequence>2</sequence>
  <logger>logging.GeneralLogger</logger>
  <level>INFO</level>
  <class>logging.GeneralLogger</class>
  <method>log</method>
  <thread>1</thread>
  <message>querytype:Create, databasename: jay, query initiated </message>
</record>
<record>
  <date>2020-12-01T18:23:24.708907Z</date>
  <millis>1606847004708</millis>
  <nanos>907000</nanos>
  <sequence>3</sequence>
  <logger>logging.GeneralLogger</logger>
  <level>INFO</level>
  <class>logging.GeneralLogger</class>
  <method>log</method>
  <thread>1</thread>
  <message>querytype:Create, databasename: jay, query initiated </message>
</record>
</log>
<?xml version="1.0" encoding="UTF-8" standalone="no"?>
<!DOCTYPE log SYSTEM "logger.dtd">
<log>
<record>
  <date>2020-12-01T20:00:25.021016Z</date>
  <millis>1606852825021</millis>
  <nanos>16000</nanos>
  <sequence>1</sequence>
  <logger>logging.GeneralLogger</logger>
  <level>INFO</level>
  <class>logging.GeneralLogger</class>
  <method>log</method>
  <thread>1</thread>
  <message>querytype:Create, databasename: jay, query initiated </message>
</record>
</log>
<?xml version="1.0" encoding="UTF-8" standalone="no"?>
<!DOCTYPE log SYSTEM "logger.dtd">
<log>
<record>
  <date>2020-12-01T20:02:50.870749Z</date>
  <millis>1606852970870</millis>
  <nanos>749000</nanos>
  <sequence>1</sequence>
  <logger>logging.GeneralLogger</logger>
  <level>INFO</level>
  <class>logging.GeneralLogger</class>
  <method>log</method>
  <thread>1</thread>
  <message>querytype:Create, databasename: jay, query initiated </message>
</record>
<record>
  <date>2020-12-01T20:03:02.111941Z</date>
  <millis>1606852982111</millis>
  <nanos>941000</nanos>
  <sequence>2</sequence>
  <logger>logging.GeneralLogger</logger>
  <level>INFO</level>
  <class>logging.GeneralLogger</class>
  <method>log</method>
  <thread>1</thread>
  <message>querytype:Create, databasename: jay, query initiated </message>
</record>
</log>
<?xml version="1.0" encoding="UTF-8" standalone="no"?>
<!DOCTYPE log SYSTEM "logger.dtd">
<log>
<record>
  <date>2020-12-01T20:05:53.842020Z</date>
  <millis>1606853153842</millis>
  <nanos>20000</nanos>
  <sequence>1</sequence>
  <logger>logging.GeneralLogger</logger>
  <level>INFO</level>
  <class>logging.GeneralLogger</class>
  <method>log</method>
  <thread>1</thread>
  <message>querytype:Create, databasename: jay, query initiated </message>
</record>
<record>
  <date>2020-12-01T20:06:36.606051Z</date>
  <millis>1606853196606</millis>
  <nanos>51000</nanos>
  <sequence>3</sequence>
  <logger>logging.GeneralLogger</logger>
  <level>INFO</level>
  <class>logging.GeneralLogger</class>
  <method>log</method>
  <thread>1</thread>
  <message>querytype:Update, databasename: jay, query initiated </message>
</record>
</log>
<?xml version="1.0" encoding="UTF-8" standalone="no"?>
<!DOCTYPE log SYSTEM "logger.dtd">
<log>
<record>
  <date>2020-12-01T20:10:58.046108Z</date>
  <millis>1606853458046</millis>
  <nanos>108000</nanos>
  <sequence>3</sequence>
  <logger>logging.GeneralLogger</logger>
  <level>INFO</level>
  <class>logging.GeneralLogger</class>
  <method>log</method>
  <thread>1</thread>
  <message>querytype:Update, databasename: jay, query initiated </message>
</record>
</log>
<?xml version="1.0" encoding="UTF-8" standalone="no"?>
<!DOCTYPE log SYSTEM "logger.dtd">
<log>
<record>
  <date>2020-12-02T01:13:54.965874Z</date>
  <millis>1606871634965</millis>
  <nanos>874000</nanos>
  <sequence>1</sequence>
  <logger>logging.GeneralLogger</logger>
  <level>INFO</level>
  <class>logging.GeneralLogger</class>
  <method>log</method>
  <thread>1</thread>
  <message>querytype:Create, databasename: db5408, query initiated </message>
</record>
<record>
  <date>2020-12-02T01:16:35.907582Z</date>
  <millis>1606871795907</millis>
  <nanos>582000</nanos>
  <sequence>3</sequence>
  <logger>logging.GeneralLogger</logger>
  <level>INFO</level>
  <class>logging.GeneralLogger</class>
  <method>log</method>
  <thread>1</thread>
  <message>querytype:Insert, databasename: db5408, query initiated </message>
</record>
<record>
  <date>2020-12-02T01:17:28.123842Z</date>
  <millis>1606871848123</millis>
  <nanos>842000</nanos>
  <sequence>4</sequence>
  <logger>logging.GeneralLogger</logger>
  <level>INFO</level>
  <class>logging.GeneralLogger</class>
  <method>log</method>
  <thread>1</thread>
  <message>querytype:Insert, databasename: db5408, query initiated </message>
</record>
<record>
  <date>2020-12-02T01:18:38.346857Z</date>
  <millis>1606871918346</millis>
  <nanos>857000</nanos>
  <sequence>6</sequence>
  <logger>logging.GeneralLogger</logger>
  <level>INFO</level>
  <class>logging.GeneralLogger</class>
  <method>log</method>
  <thread>1</thread>
  <message>querytype:Insert, databasename: db5408, query initiated </message>
</record>
<record>
  <date>2020-12-02T01:22:56.795848Z</date>
  <millis>1606872176795</millis>
  <nanos>848000</nanos>
  <sequence>8</sequence>
  <logger>logging.GeneralLogger</logger>
  <level>INFO</level>
  <class>logging.GeneralLogger</class>
  <method>log</method>
  <thread>1</thread>
  <message>querytype:Select, databasename: db5408, query initiated </message>
</record>
<record>
  <date>2020-12-02T01:23:21.470142Z</date>
  <millis>1606872201470</millis>
  <nanos>142000</nanos>
  <sequence>10</sequence>
  <logger>logging.GeneralLogger</logger>
  <level>INFO</level>
  <class>logging.GeneralLogger</class>
  <method>log</method>
  <thread>1</thread>
  <message>querytype:Select, databasename: db5408, query initiated </message>
</record>
<record>
  <date>2020-12-02T01:24:00.944293Z</date>
  <millis>1606872240944</millis>
  <nanos>293000</nanos>
  <sequence>12</sequence>
  <logger>logging.GeneralLogger</logger>
  <level>INFO</level>
  <class>logging.GeneralLogger</class>
  <method>log</method>
  <thread>1</thread>
  <message>querytype:Select, databasename: db5408, query initiated </message>
</record>
<record>
  <date>2020-12-02T01:24:43.616113Z</date>
  <millis>1606872283616</millis>
  <nanos>113000</nanos>
  <sequence>14</sequence>
  <logger>logging.GeneralLogger</logger>
  <level>INFO</level>
  <class>logging.GeneralLogger</class>
  <method>log</method>
  <thread>1</thread>
  <message>querytype:Select, databasename: db5408, query initiated </message>
</record>
<record>
  <date>2020-12-02T01:26:02.404765Z</date>
  <millis>1606872362404</millis>
  <nanos>765000</nanos>
  <sequence>16</sequence>
  <logger>logging.GeneralLogger</logger>
  <level>INFO</level>
  <class>logging.GeneralLogger</class>
  <method>log</method>
  <thread>1</thread>
  <message>querytype:Update, databasename: db5408, query initiated </message>
</record>
<record>
  <date>2020-12-02T01:26:23.095086Z</date>
  <millis>1606872383095</millis>
  <nanos>86000</nanos>
  <sequence>17</sequence>
  <logger>logging.GeneralLogger</logger>
  <level>INFO</level>
  <class>logging.GeneralLogger</class>
  <method>log</method>
  <thread>1</thread>
  <message>querytype:Update, databasename: db5408, query initiated </message>
</record>
<record>
  <date>2020-12-02T01:27:53.422416Z</date>
  <millis>1606872473422</millis>
  <nanos>416000</nanos>
  <sequence>19</sequence>
  <logger>logging.GeneralLogger</logger>
  <level>INFO</level>
  <class>logging.GeneralLogger</class>
  <method>log</method>
  <thread>1</thread>
  <message>querytype:Update, databasename: db5408, query initiated </message>
</record>
<record>
  <date>2020-12-02T01:28:36.072085Z</date>
  <millis>1606872516072</millis>
  <nanos>85000</nanos>
  <sequence>21</sequence>
  <logger>logging.GeneralLogger</logger>
  <level>INFO</level>
  <class>logging.GeneralLogger</class>
  <method>log</method>
  <thread>1</thread>
  <message>querytype:Update, databasename: db5408, query initiated </message>
</record>
<record>
  <date>2020-12-02T01:29:14.025015Z</date>
  <millis>1606872554025</millis>
  <nanos>15000</nanos>
  <sequence>23</sequence>
  <logger>logging.GeneralLogger</logger>
  <level>INFO</level>
  <class>logging.GeneralLogger</class>
  <method>log</method>
  <thread>1</thread>
  <message>querytype:Update, databasename: db5408, query initiated </message>
</record>
<record>
  <date>2020-12-02T01:30:23.326166Z</date>
  <millis>1606872623326</millis>
  <nanos>166000</nanos>
  <sequence>25</sequence>
  <logger>logging.GeneralLogger</logger>
  <level>INFO</level>
  <class>logging.GeneralLogger</class>
  <method>log</method>
  <thread>1</thread>
  <message>querytype:Create, databasename: db5408, query initiated </message>
</record>
<record>
  <date>2020-12-02T01:31:44.080694Z</date>
  <millis>1606872704080</millis>
  <nanos>694000</nanos>
  <sequence>27</sequence>
  <logger>logging.GeneralLogger</logger>
  <level>INFO</level>
  <class>logging.GeneralLogger</class>
  <method>log</method>
  <thread>1</thread>
  <message>querytype:Delete, databasename: db5408, query initiated </message>
</record>
<record>
  <date>2020-12-02T01:32:47.861307Z</date>
  <millis>1606872767861</millis>
  <nanos>307000</nanos>
  <sequence>29</sequence>
  <logger>logging.GeneralLogger</logger>
  <level>INFO</level>
  <class>logging.GeneralLogger</class>
  <method>log</method>
  <thread>1</thread>
  <message>querytype:Delete, databasename: db5408, query initiated </message>
</record>
<record>
  <date>2020-12-02T01:33:09.396778Z</date>
  <millis>1606872789396</millis>
  <nanos>778000</nanos>
  <sequence>31</sequence>
  <logger>logging.GeneralLogger</logger>
  <level>INFO</level>
  <class>logging.GeneralLogger</class>
  <method>log</method>
  <thread>1</thread>
  <message>querytype:Delete, databasename: db5408, query initiated </message>
</record>
</log>
<?xml version="1.0" encoding="UTF-8" standalone="no"?>
<!DOCTYPE log SYSTEM "logger.dtd">
<log>
<record>
  <date>2020-12-02T01:45:42.999437Z</date>
  <millis>1606873542999</millis>
  <nanos>437000</nanos>
  <sequence>1</sequence>
  <logger>logging.GeneralLogger</logger>
  <level>INFO</level>
  <class>logging.GeneralLogger</class>
  <method>log</method>
  <thread>1</thread>
  <message>querytype:Update, databasename: jay, query initiated </message>
</record>
</log>
<?xml version="1.0" encoding="UTF-8" standalone="no"?>
<!DOCTYPE log SYSTEM "logger.dtd">
<log>
<record>
  <date>2020-12-02T01:50:25.496607Z</date>
  <millis>1606873825496</millis>
  <nanos>607000</nanos>
  <sequence>1</sequence>
  <logger>logging.GeneralLogger</logger>
  <level>INFO</level>
  <class>logging.GeneralLogger</class>
  <method>log</method>
  <thread>1</thread>
  <message>querytype:Update, databasename: jay, query initiated </message>
</record>
<record>
  <date>2020-12-02T02:06:20.091554Z</date>
  <millis>1606874780091</millis>
  <nanos>554000</nanos>
  <sequence>3</sequence>
  <logger>logging.GeneralLogger</logger>
  <level>INFO</level>
  <class>logging.GeneralLogger</class>
  <method>log</method>
  <thread>1</thread>
  <message>querytype:Create, databasename: jay, query initiated </message>
</record>
<record>
  <date>2020-12-02T02:12:47.425203Z</date>
  <millis>1606875167425</millis>
  <nanos>203000</nanos>
  <sequence>5</sequence>
  <logger>logging.GeneralLogger</logger>
  <level>INFO</level>
  <class>logging.GeneralLogger</class>
  <method>log</method>
  <thread>1</thread>
  <message>querytype:Create, databasename: jay, query initiated </message>
</record>
<record>
  <date>2020-12-02T02:33:51.084771Z</date>
  <millis>1606876431084</millis>
  <nanos>771000</nanos>
  <sequence>7</sequence>
  <logger>logging.GeneralLogger</logger>
  <level>INFO</level>
  <class>logging.GeneralLogger</class>
  <method>log</method>
  <thread>1</thread>
  <message>querytype:Insert, databasename: jay, query initiated </message>
</record>
<record>
  <date>2020-12-02T02:34:43.289269Z</date>
  <millis>1606876483289</millis>
  <nanos>269000</nanos>
  <sequence>8</sequence>
  <logger>logging.GeneralLogger</logger>
  <level>INFO</level>
  <class>logging.GeneralLogger</class>
  <method>log</method>
  <thread>1</thread>
  <message>querytype:Insert, databasename: jay, query initiated </message>
</record>
<record>
  <date>2020-12-02T02:36:32.640652Z</date>
  <millis>1606876592640</millis>
  <nanos>652000</nanos>
  <sequence>9</sequence>
  <logger>logging.GeneralLogger</logger>
  <level>INFO</level>
  <class>logging.GeneralLogger</class>
  <method>log</method>
  <thread>1</thread>
  <message>querytype:Insert, databasename: jay, query initiated </message>
</record>
<record>
  <date>2020-12-02T02:39:31.533541Z</date>
  <millis>1606876771533</millis>
  <nanos>541000</nanos>
  <sequence>11</sequence>
  <logger>logging.GeneralLogger</logger>
  <level>INFO</level>
  <class>logging.GeneralLogger</class>
  <method>log</method>
  <thread>1</thread>
  <message>querytype:Insert, databasename: jay, query initiated </message>
</record>
<record>
  <date>2020-12-02T02:42:25.178223Z</date>
  <millis>1606876945178</millis>
  <nanos>223000</nanos>
  <sequence>13</sequence>
  <logger>logging.GeneralLogger</logger>
  <level>INFO</level>
  <class>logging.GeneralLogger</class>
  <method>log</method>
  <thread>1</thread>
  <message>querytype:Select, databasename: jay, query initiated </message>
</record>
<record>
  <date>2020-12-02T02:44:00.526266Z</date>
  <millis>1606877040526</millis>
  <nanos>266000</nanos>
  <sequence>15</sequence>
  <logger>logging.GeneralLogger</logger>
  <level>INFO</level>
  <class>logging.GeneralLogger</class>
  <method>log</method>
  <thread>1</thread>
  <message>querytype:Select, databasename: jay, query initiated </message>
</record>
<record>
  <date>2020-12-02T02:45:31.472410Z</date>
  <millis>1606877131472</millis>
  <nanos>410000</nanos>
  <sequence>17</sequence>
  <logger>logging.GeneralLogger</logger>
  <level>INFO</level>
  <class>logging.GeneralLogger</class>
  <method>log</method>
  <thread>1</thread>
  <message>querytype:Select, databasename: jay, query initiated </message>
</record>
</log>
<?xml version="1.0" encoding="UTF-8" standalone="no"?>
<!DOCTYPE log SYSTEM "logger.dtd">
<log>
<record>
  <date>2020-12-02T02:46:02.814885Z</date>
  <millis>1606877162814</millis>
  <nanos>885000</nanos>
  <sequence>1</sequence>
  <logger>logging.GeneralLogger</logger>
  <level>INFO</level>
  <class>logging.GeneralLogger</class>
  <method>log</method>
  <thread>1</thread>
  <message>querytype:Select, databasename: jay, query initiated </message>
</record>
<record>
  <date>2020-12-02T02:51:21.225576Z</date>
  <millis>1606877481225</millis>
  <nanos>576000</nanos>
  <sequence>3</sequence>
  <logger>logging.GeneralLogger</logger>
  <level>INFO</level>
  <class>logging.GeneralLogger</class>
  <method>log</method>
  <thread>1</thread>
  <message>querytype:Select, databasename: jay, query initiated </message>
</record>
</log>
<?xml version="1.0" encoding="UTF-8" standalone="no"?>
<!DOCTYPE log SYSTEM "logger.dtd">
<log>
<record>
  <date>2020-12-02T02:55:06.894021Z</date>
  <millis>1606877706894</millis>
  <nanos>21000</nanos>
  <sequence>1</sequence>
  <logger>logging.GeneralLogger</logger>
  <level>INFO</level>
  <class>logging.GeneralLogger</class>
  <method>log</method>
  <thread>1</thread>
  <message>querytype:Update, databasename: jay, query initiated </message>
</record>
<record>
  <date>2020-12-02T02:55:36.876292Z</date>
  <millis>1606877736876</millis>
  <nanos>292000</nanos>
  <sequence>3</sequence>
  <logger>logging.GeneralLogger</logger>
  <level>INFO</level>
  <class>logging.GeneralLogger</class>
  <method>log</method>
  <thread>1</thread>
  <message>querytype:Update, databasename: jay, query initiated </message>
</record>
<record>
  <date>2020-12-02T02:58:19.944651Z</date>
  <millis>1606877899944</millis>
  <nanos>651000</nanos>
  <sequence>5</sequence>
  <logger>logging.GeneralLogger</logger>
  <level>INFO</level>
  <class>logging.GeneralLogger</class>
  <method>log</method>
  <thread>1</thread>
  <message>querytype:Update, databasename: jay, query initiated </message>
</record>
<record>
  <date>2020-12-02T02:58:28.689857Z</date>
  <millis>1606877908689</millis>
  <nanos>857000</nanos>
  <sequence>7</sequence>
  <logger>logging.GeneralLogger</logger>
  <level>INFO</level>
  <class>logging.GeneralLogger</class>
  <method>log</method>
  <thread>1</thread>
  <message>querytype:Update, databasename: jay, query initiated </message>
</record>
<record>
  <date>2020-12-02T02:58:57.828528Z</date>
  <millis>1606877937828</millis>
  <nanos>528000</nanos>
  <sequence>9</sequence>
  <logger>logging.GeneralLogger</logger>
  <level>INFO</level>
  <class>logging.GeneralLogger</class>
  <method>log</method>
  <thread>1</thread>
  <message>querytype:Update, databasename: jay, query initiated </message>
</record>
</log>
<?xml version="1.0" encoding="UTF-8" standalone="no"?>
<!DOCTYPE log SYSTEM "logger.dtd">
<log>
<record>
  <date>2020-12-02T03:01:15.286294Z</date>
  <millis>1606878075286</millis>
  <nanos>294000</nanos>
  <sequence>1</sequence>
  <logger>logging.GeneralLogger</logger>
  <level>INFO</level>
  <class>logging.GeneralLogger</class>
  <method>log</method>
  <thread>1</thread>
  <message>querytype:Update, databasename: jay, query initiated </message>
</record>
</log>
<?xml version="1.0" encoding="UTF-8" standalone="no"?>
<!DOCTYPE log SYSTEM "logger.dtd">
<log>
<record>
  <date>2020-12-02T03:02:12.049431Z</date>
  <millis>1606878132049</millis>
  <nanos>431000</nanos>
  <sequence>1</sequence>
  <logger>logging.GeneralLogger</logger>
  <level>INFO</level>
  <class>logging.GeneralLogger</class>
  <method>log</method>
  <thread>1</thread>
  <message>querytype:Update, databasename: jay, query initiated </message>
</record>
</log>
<?xml version="1.0" encoding="UTF-8" standalone="no"?>
<!DOCTYPE log SYSTEM "logger.dtd">
<log>
<record>
  <date>2020-12-02T03:03:37.049641Z</date>
  <millis>1606878217049</millis>
  <nanos>641000</nanos>
  <sequence>1</sequence>
  <logger>logging.GeneralLogger</logger>
  <level>INFO</level>
  <class>logging.GeneralLogger</class>
  <method>log</method>
  <thread>1</thread>
  <message>querytype:Update, databasename: jay, query initiated </message>
</record>
<record>
  <date>2020-12-02T03:03:44.934739Z</date>
  <millis>1606878224934</millis>
  <nanos>739000</nanos>
  <sequence>2</sequence>
  <logger>logging.GeneralLogger</logger>
  <level>INFO</level>
  <class>logging.GeneralLogger</class>
  <method>log</method>
  <thread>1</thread>
  <message>querytype:Update, databasename: jay, query initiated </message>
</record>
</log>
<?xml version="1.0" encoding="UTF-8" standalone="no"?>
<!DOCTYPE log SYSTEM "logger.dtd">
<log>
<record>
  <date>2020-12-02T03:05:19.171320Z</date>
  <millis>1606878319171</millis>
  <nanos>320000</nanos>
  <sequence>1</sequence>
  <logger>logging.GeneralLogger</logger>
  <level>INFO</level>
  <class>logging.GeneralLogger</class>
  <method>log</method>
  <thread>1</thread>
  <message>querytype:Update, databasename: jay, query initiated </message>
</record>
</log>
<?xml version="1.0" encoding="UTF-8" standalone="no"?>
<!DOCTYPE log SYSTEM "logger.dtd">
<log>
<record>
  <date>2020-12-02T03:06:10.823964Z</date>
  <millis>1606878370823</millis>
  <nanos>964000</nanos>
  <sequence>1</sequence>
  <logger>logging.GeneralLogger</logger>
  <level>INFO</level>
  <class>logging.GeneralLogger</class>
  <method>log</method>
  <thread>1</thread>
  <message>querytype:Update, databasename: jay, query initiated </message>
</record>
</log>
<?xml version="1.0" encoding="UTF-8" standalone="no"?>
<!DOCTYPE log SYSTEM "logger.dtd">
<log>
<record>
  <date>2020-12-02T03:06:51.055891Z</date>
  <millis>1606878411055</millis>
  <nanos>891000</nanos>
  <sequence>1</sequence>
  <logger>logging.GeneralLogger</logger>
  <level>INFO</level>
  <class>logging.GeneralLogger</class>
  <method>log</method>
  <thread>1</thread>
  <message>querytype:Update, databasename: jay, query initiated </message>
</record>
</log>
<?xml version="1.0" encoding="UTF-8" standalone="no"?>
<!DOCTYPE log SYSTEM "logger.dtd">
<log>
<record>
  <date>2020-12-02T03:07:28.130840Z</date>
  <millis>1606878448130</millis>
  <nanos>840000</nanos>
  <sequence>1</sequence>
  <logger>logging.GeneralLogger</logger>
  <level>INFO</level>
  <class>logging.GeneralLogger</class>
  <method>log</method>
  <thread>1</thread>
  <message>querytype:Update, databasename: jay, query initiated </message>
</record>
<record>
  <date>2020-12-02T03:09:11.758632Z</date>
  <millis>1606878551758</millis>
  <nanos>632000</nanos>
  <sequence>2</sequence>
  <logger>logging.GeneralLogger</logger>
  <level>INFO</level>
  <class>logging.GeneralLogger</class>
  <method>log</method>
  <thread>1</thread>
  <message>querytype:Update, databasename: jay, query initiated </message>
</record>
<record>
  <date>2020-12-02T03:11:13.684783Z</date>
  <millis>1606878673684</millis>
  <nanos>783000</nanos>
  <sequence>3</sequence>
  <logger>logging.GeneralLogger</logger>
  <level>INFO</level>
  <class>logging.GeneralLogger</class>
  <method>log</method>
  <thread>1</thread>
  <message>querytype:Update, databasename: jay, query initiated </message>
</record>
</log>
<?xml version="1.0" encoding="UTF-8" standalone="no"?>
<!DOCTYPE log SYSTEM "logger.dtd">
<log>
<record>
  <date>2020-12-02T03:12:28.833471Z</date>
  <millis>1606878748833</millis>
  <nanos>471000</nanos>
  <sequence>1</sequence>
  <logger>logging.GeneralLogger</logger>
  <level>INFO</level>
  <class>logging.GeneralLogger</class>
  <method>log</method>
  <thread>1</thread>
  <message>querytype:Update, databasename: jay, query initiated </message>
</record>
<record>
  <date>2020-12-02T03:19:48.189998Z</date>
  <millis>1606879188189</millis>
  <nanos>998000</nanos>
  <sequence>2</sequence>
  <logger>logging.GeneralLogger</logger>
  <level>INFO</level>
  <class>logging.GeneralLogger</class>
  <method>log</method>
  <thread>1</thread>
  <message>querytype:Update, databasename: jay, query initiated </message>
</record>
<record>
  <date>2020-12-02T03:21:13.526399Z</date>
  <millis>1606879273526</millis>
  <nanos>399000</nanos>
  <sequence>3</sequence>
  <logger>logging.GeneralLogger</logger>
  <level>INFO</level>
  <class>logging.GeneralLogger</class>
  <method>log</method>
  <thread>1</thread>
  <message>querytype:Update, databasename: jay, query initiated </message>
</record>
</log>
<?xml version="1.0" encoding="UTF-8" standalone="no"?>
<!DOCTYPE log SYSTEM "logger.dtd">
<log>
<record>
  <date>2020-12-02T03:23:03.371723Z</date>
  <millis>1606879383371</millis>
  <nanos>723000</nanos>
  <sequence>1</sequence>
  <logger>logging.GeneralLogger</logger>
  <level>INFO</level>
  <class>logging.GeneralLogger</class>
  <method>log</method>
  <thread>1</thread>
  <message>querytype:Update, databasename: jay, query initiated </message>
</record>
<record>
  <date>2020-12-02T03:23:38.602646Z</date>
  <millis>1606879418602</millis>
  <nanos>646000</nanos>
  <sequence>2</sequence>
  <logger>logging.GeneralLogger</logger>
  <level>INFO</level>
  <class>logging.GeneralLogger</class>
  <method>log</method>
  <thread>1</thread>
  <message>querytype:Update, databasename: jay, query initiated </message>
</record>
</log>
<?xml version="1.0" encoding="UTF-8" standalone="no"?>
<!DOCTYPE log SYSTEM "logger.dtd">
<log>
<record>
  <date>2020-12-02T03:27:03.625318Z</date>
  <millis>1606879623625</millis>
  <nanos>318000</nanos>
  <sequence>1</sequence>
  <logger>logging.GeneralLogger</logger>
  <level>INFO</level>
  <class>logging.GeneralLogger</class>
  <method>log</method>
  <thread>1</thread>
  <message>querytype:Update, databasename: jay, query initiated </message>
</record>
<record>
  <date>2020-12-02T03:27:20.781725Z</date>
  <millis>1606879640781</millis>
  <nanos>725000</nanos>
  <sequence>3</sequence>
  <logger>logging.GeneralLogger</logger>
  <level>INFO</level>
  <class>logging.GeneralLogger</class>
  <method>log</method>
  <thread>1</thread>
  <message>querytype:Update, databasename: jay, query initiated </message>
</record>
<record>
  <date>2020-12-02T03:30:27.106644Z</date>
  <millis>1606879827106</millis>
  <nanos>644000</nanos>
  <sequence>5</sequence>
  <logger>logging.GeneralLogger</logger>
  <level>INFO</level>
  <class>logging.GeneralLogger</class>
  <method>log</method>
  <thread>1</thread>
  <message>querytype:Delete, databasename: jay, query initiated </message>
</record>
<record>
  <date>2020-12-02T03:30:38.029446Z</date>
  <millis>1606879838029</millis>
  <nanos>446000</nanos>
  <sequence>7</sequence>
  <logger>logging.GeneralLogger</logger>
  <level>INFO</level>
  <class>logging.GeneralLogger</class>
  <method>log</method>
  <thread>1</thread>
  <message>querytype:Delete, databasename: jay, query initiated </message>
</record>
<record>
  <date>2020-12-02T03:31:56.841827Z</date>
  <millis>1606879916841</millis>
  <nanos>827000</nanos>
  <sequence>9</sequence>
  <logger>logging.GeneralLogger</logger>
  <level>INFO</level>
  <class>logging.GeneralLogger</class>
  <method>log</method>
  <thread>1</thread>
  <message>querytype:Delete, databasename: jay, query initiated </message>
</record>
</log>
<?xml version="1.0" encoding="UTF-8" standalone="no"?>
<!DOCTYPE log SYSTEM "logger.dtd">
<log>
<record>
  <date>2020-12-02T03:40:14.876678Z</date>
  <millis>1606880414876</millis>
  <nanos>678000</nanos>
  <sequence>1</sequence>
  <logger>logging.GeneralLogger</logger>
  <level>INFO</level>
  <class>logging.GeneralLogger</class>
  <method>log</method>
  <thread>1</thread>
  <message>querytype:Create, databasename: popeye, query initiated </message>
</record>
<record>
  <date>2020-12-02T03:40:19.422113Z</date>
  <millis>1606880419422</millis>
  <nanos>113000</nanos>
  <sequence>3</sequence>
  <logger>logging.GeneralLogger</logger>
  <level>INFO</level>
  <class>logging.GeneralLogger</class>
  <method>log</method>
  <thread>1</thread>
  <message>querytype:Create, databasename: popeye, query initiated </message>
</record>
<record>
  <date>2020-12-02T03:40:23.073294Z</date>
  <millis>1606880423073</millis>
  <nanos>294000</nanos>
  <sequence>5</sequence>
  <logger>logging.GeneralLogger</logger>
  <level>INFO</level>
  <class>logging.GeneralLogger</class>
  <method>log</method>
  <thread>1</thread>
  <message>querytype:Create, databasename: popeye, query initiated </message>
</record>
</log>
<?xml version="1.0" encoding="UTF-8" standalone="no"?>
<!DOCTYPE log SYSTEM "logger.dtd">
<log>
<record>
  <date>2020-12-13T17:08:01.760912Z</date>
  <millis>1607879281760</millis>
  <nanos>912000</nanos>
  <sequence>1</sequence>
  <logger>logging.GeneralLogger</logger>
  <level>INFO</level>
  <class>logging.GeneralLogger</class>
  <method>log</method>
  <thread>1</thread>
  <message>querytype:Create, databasename: jay, query initiated </message>
</record>
<record>
  <date>2020-12-13T17:08:08.181632Z</date>
  <millis>1607879288181</millis>
  <nanos>632000</nanos>
  <sequence>3</sequence>
  <logger>logging.GeneralLogger</logger>
  <level>INFO</level>
  <class>logging.GeneralLogger</class>
  <method>log</method>
  <thread>1</thread>
  <message>querytype:Create, databasename: jay, query initiated </message>
</record>
</log>
<?xml version="1.0" encoding="UTF-8" standalone="no"?>
<!DOCTYPE log SYSTEM "logger.dtd">
<log>
<record>
  <date>2020-12-14T00:38:18.389909Z</date>
  <millis>1607906298389</millis>
  <nanos>909000</nanos>
  <sequence>1</sequence>
  <logger>logging.GeneralLogger</logger>
  <level>INFO</level>
  <class>logging.GeneralLogger</class>
  <method>log</method>
  <thread>1</thread>
  <message>querytype:Create, databasename: jay, query initiated </message>
</record>
<record>
  <date>2020-12-14T00:38:18.406262Z</date>
  <millis>1607906298406</millis>
  <nanos>262000</nanos>
  <sequence>3</sequence>
  <logger>logging.GeneralLogger</logger>
  <level>INFO</level>
  <class>logging.GeneralLogger</class>
  <method>log</method>
  <thread>1</thread>
  <message>querytype:Create, databasename: jay, query initiated </message>
</record>
</log>
<?xml version="1.0" encoding="UTF-8" standalone="no"?>
<!DOCTYPE log SYSTEM "logger.dtd">
<log>
<record>
  <date>2020-12-14T19:29:15.722990Z</date>
  <millis>1607974155722</millis>
  <nanos>990000</nanos>
  <sequence>1</sequence>
  <logger>logging.GeneralLogger</logger>
  <level>INFO</level>
  <class>logging.GeneralLogger</class>
  <method>log</method>
  <thread>1</thread>
  <message>querytype:Select, databasename: jay, query initiated </message>
</record>
<record>
  <date>2020-12-14T19:29:46.845761Z</date>
  <millis>1607974186845</millis>
  <nanos>761000</nanos>
  <sequence>3</sequence>
  <logger>logging.GeneralLogger</logger>
  <level>INFO</level>
  <class>logging.GeneralLogger</class>
  <method>log</method>
  <thread>1</thread>
  <message>querytype:Select, databasename: jay, query initiated </message>
</record>
<record>
  <date>2020-12-14T19:30:21.413492Z</date>
  <millis>1607974221413</millis>
  <nanos>492000</nanos>
  <sequence>5</sequence>
  <logger>logging.GeneralLogger</logger>
  <level>INFO</level>
  <class>logging.GeneralLogger</class>
  <method>log</method>
  <thread>1</thread>
  <message>querytype:Update, databasename: jay, query initiated </message>
</record>
<record>
  <date>2020-12-14T19:30:51.450852Z</date>
  <millis>1607974251450</millis>
  <nanos>852000</nanos>
  <sequence>6</sequence>
  <logger>logging.GeneralLogger</logger>
  <level>INFO</level>
  <class>logging.GeneralLogger</class>
  <method>log</method>
  <thread>1</thread>
  <message>querytype:Update, databasename: jay, query initiated </message>
</record>
</log>
<?xml version="1.0" encoding="UTF-8" standalone="no"?>
<!DOCTYPE log SYSTEM "logger.dtd">
<log>
<record>
  <date>2020-12-14T19:35:08.107013Z</date>
  <millis>1607974508107</millis>
  <nanos>13000</nanos>
  <sequence>1</sequence>
  <logger>logging.GeneralLogger</logger>
  <level>INFO</level>
  <class>logging.GeneralLogger</class>
  <method>log</method>
  <thread>1</thread>
  <message>querytype:Update, databasename: jay, query initiated </message>
</record>
<record>
  <date>2020-12-14T19:35:46.450991Z</date>
  <millis>1607974546450</millis>
  <nanos>991000</nanos>
  <sequence>2</sequence>
  <logger>logging.GeneralLogger</logger>
  <level>INFO</level>
  <class>logging.GeneralLogger</class>
  <method>log</method>
  <thread>1</thread>
  <message>querytype:Update, databasename: jay, query initiated </message>
</record>
<record>
  <date>2020-12-14T19:36:06.876567Z</date>
  <millis>1607974566876</millis>
  <nanos>567000</nanos>
  <sequence>3</sequence>
  <logger>logging.GeneralLogger</logger>
  <level>INFO</level>
  <class>logging.GeneralLogger</class>
  <method>log</method>
  <thread>1</thread>
  <message>querytype:Update, databasename: jay, query initiated </message>
</record>
</log>
<?xml version="1.0" encoding="UTF-8" standalone="no"?>
<!DOCTYPE log SYSTEM "logger.dtd">
<log>
<record>
  <date>2020-12-14T19:37:19.996591Z</date>
  <millis>1607974639996</millis>
  <nanos>591000</nanos>
  <sequence>1</sequence>
  <logger>logging.GeneralLogger</logger>
  <level>INFO</level>
  <class>logging.GeneralLogger</class>
  <method>log</method>
  <thread>1</thread>
  <message>querytype:Update, databasename: jay, query initiated </message>
</record>
<record>
  <date>2020-12-14T19:37:51.178229Z</date>
  <millis>1607974671178</millis>
  <nanos>229000</nanos>
  <sequence>3</sequence>
  <logger>logging.GeneralLogger</logger>
  <level>INFO</level>
  <class>logging.GeneralLogger</class>
  <method>log</method>
  <thread>1</thread>
  <message>querytype:Update, databasename: jay, query initiated </message>
</record>
</log>
<?xml version="1.0" encoding="UTF-8" standalone="no"?>
<!DOCTYPE log SYSTEM "logger.dtd">
<log>
<record>
  <date>2020-12-14T20:02:25.892310Z</date>
  <millis>1607976145892</millis>
  <nanos>310000</nanos>
  <sequence>1</sequence>
  <logger>logging.GeneralLogger</logger>
  <level>INFO</level>
  <class>logging.GeneralLogger</class>
  <method>log</method>
  <thread>1</thread>
  <message>querytype:Create, databasename: jay, query initiated </message>
</record>
</log>
<?xml version="1.0" encoding="UTF-8" standalone="no"?>
<!DOCTYPE log SYSTEM "logger.dtd">
<log>
<record>
  <date>2020-12-14T20:03:09.798988Z</date>
  <millis>1607976189798</millis>
  <nanos>988000</nanos>
  <sequence>1</sequence>
  <logger>logging.GeneralLogger</logger>
  <level>INFO</level>
  <class>logging.GeneralLogger</class>
  <method>log</method>
  <thread>1</thread>
  <message>querytype:Create, databasename: jay, query initiated </message>
</record>
</log>
